Unity Editor version:    2022.3.14f1 (eff2de9070d8)
Branch:                  2022.3/staging
Build type:              Release
Batch mode:              YES
macOS version:           Version 15.2 (Build 24C101)
Darwin version:          24.2.0
Architecture:            arm64
Running under Rosetta:   NO
Available memory:        36864 MB
Using pre-set license
Pro License: YES

COMMAND LINE ARGUMENTS:
/Applications/Unity/Hub/Editor/2022.3.14f1/Unity.app/Contents/MacOS/Unity
-adb2
-batchMode
-noUpm
-name
AssetImportWorker0
-projectPath
/Users/valikkolomiyets/Documents/Unity All/2d SHoot
-logFile
Logs/AssetImportWorker0.log
-srvPort
49318
Successfully changed project path to: /Users/valikkolomiyets/Documents/Unity All/2d SHoot
/Users/valikkolomiyets/Documents/Unity All/2d SHoot
[UnityMemory] Configuration Parameters - Can be set up in boot.config
    "memorysetup-bucket-allocator-granularity=16"
    "memorysetup-bucket-allocator-bucket-count=8"
    "memorysetup-bucket-allocator-block-size=33554432"
    "memorysetup-bucket-allocator-block-count=8"
    "memorysetup-main-allocator-block-size=16777216"
    "memorysetup-thread-allocator-block-size=16777216"
    "memorysetup-gfx-main-allocator-block-size=16777216"
    "memorysetup-gfx-thread-allocator-block-size=16777216"
    "memorysetup-cache-allocator-block-size=4194304"
    "memorysetup-typetree-allocator-block-size=2097152"
    "memorysetup-profiler-bucket-allocator-granularity=16"
    "memorysetup-profiler-bucket-allocator-bucket-count=8"
    "memorysetup-profiler-bucket-allocator-block-size=33554432"
    "memorysetup-profiler-bucket-allocator-block-count=8"
    "memorysetup-profiler-allocator-block-size=16777216"
    "memorysetup-profiler-editor-allocator-block-size=1048576"
    "memorysetup-temp-allocator-size-main=16777216"
    "memorysetup-job-temp-allocator-block-size=2097152"
    "memorysetup-job-temp-allocator-block-size-background=1048576"
    "memorysetup-job-temp-allocator-reduction-small-platforms=262144"
    "memorysetup-allocator-temp-initial-block-size-main=262144"
    "memorysetup-allocator-temp-initial-block-size-worker=262144"
    "memorysetup-temp-allocator-size-background-worker=32768"
    "memorysetup-temp-allocator-size-job-worker=262144"
    "memorysetup-temp-allocator-size-preload-manager=33554432"
    "memorysetup-temp-allocator-size-nav-mesh-worker=65536"
    "memorysetup-temp-allocator-size-audio-worker=65536"
    "memorysetup-temp-allocator-size-cloud-worker=32768"
    "memorysetup-temp-allocator-size-gi-baking-worker=262144"
    "memorysetup-temp-allocator-size-gfx=262144"
Player connection [8600535616] Host "[IP] 192.168.50.56 [Port] 0 [Flags] 2 [Guid] 2411251331 [EditorId] 2411251331 [Version] 1048832 [Id] OSXEditor(0,Mac) [Debug] 1 [PackageName] OSXEditor [ProjectName] Editor" joined multi-casting on [225.0.0.222:54997]...

Player connection [8600535616] Host "[IP] 192.168.50.56 [Port] 0 [Flags] 2 [Guid] 2411251331 [EditorId] 2411251331 [Version] 1048832 [Id] OSXEditor(0,Mac) [Debug] 1 [PackageName] OSXEditor [ProjectName] Editor" joined alternative multi-casting on [225.0.0.222:34997]...

[Physics::Module] Initialized MultithreadedJobDispatcher with 13 workers.
Refreshing native plugins compatible for Editor in 4.91 ms, found 2 plugins.
Preloading 0 native plugins for Editor in 0.00 ms.
Initialize engine version: 2022.3.14f1 (eff2de9070d8)
[Subsystems] Discovering subsystems at path /Applications/Unity/Hub/Editor/2022.3.14f1/Unity.app/Contents/Resources/UnitySubsystems
[Subsystems] Discovering subsystems at path /Users/valikkolomiyets/Documents/Unity All/2d SHoot/Assets
GfxDevice: creating device client; threaded=0; jobified=0
 preferred device: Apple M3 Max (high power)
Metal devices available: 1
0: Apple M3 Max (high power)
Using device Apple M3 Max (high power)
Initializing Metal device caps: Apple M3 Max
Initialize mono
Mono path[0] = '/Applications/Unity/Hub/Editor/2022.3.14f1/Unity.app/Contents/Managed'
Mono path[1] = '/Applications/Unity/Hub/Editor/2022.3.14f1/Unity.app/Contents/MonoBleedingEdge/lib/mono/unityjit-macos'
Mono config path = '/Applications/Unity/Hub/Editor/2022.3.14f1/Unity.app/Contents/MonoBleedingEdge/etc'
Using monoOptions --debugger-agent=transport=dt_socket,embedding=1,server=y,suspend=n,address=127.0.0.1:56522
Begin MonoManager ReloadAssembly
Registering precompiled unity dll's ...
Register platform support module: /Applications/Unity/Hub/Editor/2022.3.14f1/Unity.app/Contents/PlaybackEngines/MacStandaloneSupport/UnityEditor.OSXStandalone.Extensions.dll
Registered in 0.001031 seconds.
- Loaded All Assemblies, in  0.165 seconds
Native extension for OSXStandalone target not found
Mono: successfully reloaded assembly
- Finished resetting the current domain, in  0.124 seconds
Domain Reload Profiling: 289ms
	BeginReloadAssembly (40ms)
		ExecutionOrderSort (0ms)
		DisableScriptedObjects (0ms)
		BackupInstance (0ms)
		ReleaseScriptingObjects (0ms)
		CreateAndSetChildDomain (0ms)
	RebuildCommonClasses (20ms)
	RebuildNativeTypeToScriptingClass (7ms)
	initialDomainReloadingComplete (25ms)
	LoadAllAssembliesAndSetupDomain (73ms)
		LoadAssemblies (40ms)
		RebuildTransferFunctionScriptingTraits (0ms)
		AnalyzeDomain (72ms)
			TypeCache.Refresh (72ms)
				TypeCache.ScanAssembly (65ms)
			ScanForSourceGeneratedMonoScriptInfo (0ms)
			ResolveRequiredComponents (0ms)
	FinalizeReload (124ms)
		ReleaseScriptCaches (0ms)
		RebuildScriptCaches (0ms)
		SetupLoadedEditorAssemblies (91ms)
			LogAssemblyErrors (0ms)
			InitializePlatformSupportModulesInManaged (3ms)
			SetLoadedEditorAssemblies (4ms)
			RefreshPlugins (0ms)
			BeforeProcessingInitializeOnLoad (1ms)
			ProcessInitializeOnLoadAttributes (62ms)
			ProcessInitializeOnLoadMethodAttributes (22ms)
			AfterProcessingInitializeOnLoad (0ms)
			EditorAssembliesLoaded (0ms)
		ExecutionOrderSort2 (0ms)
		AwakeInstancesAfterBackupRestoration (0ms)
========================================================================
Worker process is ready to serve import requests
Begin MonoManager ReloadAssembly
Symbol file LoadedFromMemory is not a mono symbol file
- Loaded All Assemblies, in  0.408 seconds
Refreshing native plugins compatible for Editor in 2.66 ms, found 2 plugins.
Native extension for OSXStandalone target not found
Package Manager log level set to [2]
[Package Manager] Server::EnsureServerProcessIsRunning -- launch failed, reason: Unity was launched with the -noUpm command-line argument
[Package Manager] UpmClient::Send -- Unable to send message (not connected to UPM process).
[Package Manager] Cannot connect to Unity Package Manager local server
Mono: successfully reloaded assembly
- Finished resetting the current domain, in  0.414 seconds
Domain Reload Profiling: 822ms
	BeginReloadAssembly (60ms)
		ExecutionOrderSort (0ms)
		DisableScriptedObjects (2ms)
		BackupInstance (0ms)
		ReleaseScriptingObjects (0ms)
		CreateAndSetChildDomain (12ms)
	RebuildCommonClasses (21ms)
	RebuildNativeTypeToScriptingClass (7ms)
	initialDomainReloadingComplete (35ms)
	LoadAllAssembliesAndSetupDomain (286ms)
		LoadAssemblies (154ms)
		RebuildTransferFunctionScriptingTraits (0ms)
		AnalyzeDomain (158ms)
			TypeCache.Refresh (140ms)
				TypeCache.ScanAssembly (128ms)
			ScanForSourceGeneratedMonoScriptInfo (12ms)
			ResolveRequiredComponents (5ms)
	FinalizeReload (415ms)
		ReleaseScriptCaches (0ms)
		RebuildScriptCaches (0ms)
		SetupLoadedEditorAssemblies (331ms)
			LogAssemblyErrors (0ms)
			InitializePlatformSupportModulesInManaged (2ms)
			SetLoadedEditorAssemblies (2ms)
			RefreshPlugins (0ms)
			BeforeProcessingInitializeOnLoad (35ms)
			ProcessInitializeOnLoadAttributes (206ms)
			ProcessInitializeOnLoadMethodAttributes (86ms)
			AfterProcessingInitializeOnLoad (1ms)
			EditorAssembliesLoaded (0ms)
		ExecutionOrderSort2 (0ms)
		AwakeInstancesAfterBackupRestoration (2ms)
Launching external process: /Applications/Unity/Hub/Editor/2022.3.14f1/Unity.app/Contents/Tools/UnityShaderCompiler
Launched and connected shader compiler UnityShaderCompiler after 0.02 seconds
Refreshing native plugins compatible for Editor in 3.93 ms, found 2 plugins.
Preloading 0 native plugins for Editor in 0.00 ms.
Unloading 4678 Unused Serialized files (Serialized files now loaded: 0)
Unloading 102 unused Assets / (1.8 MB). Loaded Objects now: 5106.
Memory consumption went from 186.3 MB to 184.5 MB.
Total: 5.366250 ms (FindLiveObjects: 0.128708 ms CreateObjectMapping: 0.049875 ms MarkObjects: 4.871458 ms  DeleteObjects: 0.315792 ms)

AssetImportParameters requested are different than current active one (requested -> active):
  custom:container-demuxer-ogg: 62fdf1f143b41e24485cea50d1cbac27 -> 
  custom:video-decoder-ogg-theora: a1e56fd34408186e4bbccfd4996cb3dc -> 
  custom:CustomObjectIndexerAttribute: 756ad292c208cfabdd7b50bc23989ffe -> 
  custom:container-demuxer-webm: 4f35f7cbe854078d1ac9338744f61a02 -> 
  custom:container-muxer-webm: aa71ff27fc2769a1b78a27578f13a17b -> 
  custom:video-decoder-webm-vp8: 9c59270c3fd7afecdb556c50c9e8de78 -> 
  custom:QuantumUnityDBImporterAssetObjectsDependency: 8cc05c2273e06e808e466218dbf56ddb -> 
  custom:SearchIndexIgnoredProperties: e643bd26f0fe6173181afceb89e7c659 -> 
  custom:AudioImporter_EditorPlatform: 3918e3fc78b5a79bad01e8451be0beb8 -> 
  custom:framework-osx-AVFoundation: e770b220cccbd017edd2c1fefb359320 -> 
  custom:video-encoder-webm-vp8: eb34c28f22e8b96e1ab97ce403110664 -> 
  custom:audio-decoder-ogg-vorbis: bf7c407c2cedff20999df2af8eb42d56 -> 
  custom:audio-encoder-webm-vorbis: bf7c407c2cedff20999df2af8eb42d56 -> 
========================================================================
Received Import Request.
  Time since last request: 34148.587224 seconds.
  path: Assets/PlatformShooter2D/Audio/Sfx_gun_bazooka_shoot.wav
  artifactKey: Guid(6cc7a1609c1fe8147b5da77bdbb9ef2f) Importer(815301076,1909f56bfc062723c751e8b465ee728b)
Start importing Assets/PlatformShooter2D/Audio/Sfx_gun_bazooka_shoot.wav using Guid(6cc7a1609c1fe8147b5da77bdbb9ef2f) Importer(815301076,1909f56bfc062723c751e8b465ee728b)  -> (artifact id: '6daaa03e9e9430970d2489e3685775b3') in 0.052507 seconds
Number of updated asset objects reloaded before import = 0
Number of asset objects unloaded after import = 2
========================================================================
Received Import Request.
  Time since last request: 0.000030 seconds.
  path: Assets/PlatformShooter2D/Audio/Photon_music_gameplay v0.3.wav
  artifactKey: Guid(e9f02e4573513cb49a22b7718afca58b) Importer(815301076,1909f56bfc062723c751e8b465ee728b)
Start importing Assets/PlatformShooter2D/Audio/Photon_music_gameplay v0.3.wav using Guid(e9f02e4573513cb49a22b7718afca58b) Importer(815301076,1909f56bfc062723c751e8b465ee728b)  -> (artifact id: 'e9ab10159ebd973faa1619d76de88262') in 0.153189 seconds
Number of updated asset objects reloaded before import = 0
Number of asset objects unloaded after import = 2
========================================================================
Received Import Request.
  Time since last request: 8.690624 seconds.
  path: Assets/Scenes/QuantumGameScene/Lightmap-0_comp_dir.png
  artifactKey: Guid(cfd572389e83c84448c606cfbf57dae4) Importer(815301076,1909f56bfc062723c751e8b465ee728b)
Start importing Assets/Scenes/QuantumGameScene/Lightmap-0_comp_dir.png using Guid(cfd572389e83c84448c606cfbf57dae4) Importer(815301076,1909f56bfc062723c751e8b465ee728b)  -> (artifact id: '72c07289cfd8882498045e336ebe2f9b') in 0.027364 seconds
Number of updated asset objects reloaded before import = 0
Number of asset objects unloaded after import = 2
========================================================================
Received Import Request.
  Time since last request: 0.000083 seconds.
  path: Assets/Scenes/QuantumGameScene/Lightmap-1_comp_light.exr
  artifactKey: Guid(673f0e42a3eb4d844950a1a7d0c92faa) Importer(815301076,1909f56bfc062723c751e8b465ee728b)
Start importing Assets/Scenes/QuantumGameScene/Lightmap-1_comp_light.exr using Guid(673f0e42a3eb4d844950a1a7d0c92faa) Importer(815301076,1909f56bfc062723c751e8b465ee728b)  -> (artifact id: '7009d96af91092ea93d0112f9bfe6b9f') in 0.069215 seconds
Number of updated asset objects reloaded before import = 0
Number of asset objects unloaded after import = 2
========================================================================
Received Import Request.
  Time since last request: 3052.968037 seconds.
  path: Assets/PlatformShooter2D/Audio/Sfx_gun_electrify_explosion.wav
  artifactKey: Guid(7ccf2c6c42d78a049a8e37df737b7a16) Importer(815301076,1909f56bfc062723c751e8b465ee728b)
Start importing Assets/PlatformShooter2D/Audio/Sfx_gun_electrify_explosion.wav using Guid(7ccf2c6c42d78a049a8e37df737b7a16) Importer(815301076,1909f56bfc062723c751e8b465ee728b)  -> (artifact id: '41a37844ead0015a3fc8b19bde3f27c8') in 0.013202 seconds
Number of updated asset objects reloaded before import = 0
Number of asset objects unloaded after import = 2
========================================================================
Received Import Request.
  Time since last request: 1.988820 seconds.
  path: Assets/PlatformShooter2D/Audio/Sfx_gun_electrify_shoot.wav
  artifactKey: Guid(8a76577236b6c664cabceace012add20) Importer(815301076,1909f56bfc062723c751e8b465ee728b)
Start importing Assets/PlatformShooter2D/Audio/Sfx_gun_electrify_shoot.wav using Guid(8a76577236b6c664cabceace012add20) Importer(815301076,1909f56bfc062723c751e8b465ee728b)  -> (artifact id: 'e85a5d7231da41b8077b991f6793a955') in 0.013056 seconds
Number of updated asset objects reloaded before import = 0
Number of asset objects unloaded after import = 2
========================================================================
Received Import Request.
  Time since last request: 0.044997 seconds.
  path: Assets/PlatformShooter2D/Audio/Sfx_player_death.wav
  artifactKey: Guid(10bdeb28b7f29b943b4f7ba1b6071f27) Importer(815301076,1909f56bfc062723c751e8b465ee728b)
Start importing Assets/PlatformShooter2D/Audio/Sfx_player_death.wav using Guid(10bdeb28b7f29b943b4f7ba1b6071f27) Importer(815301076,1909f56bfc062723c751e8b465ee728b)  -> (artifact id: '898afe3c13f1745008a1226089616aea') in 0.004138 seconds
Number of updated asset objects reloaded before import = 0
Number of asset objects unloaded after import = 2
========================================================================
Received Import Request.
  Time since last request: 4.692741 seconds.
  path: Assets/PlatformShooter2D/Audio/Sfx_player_footstep.wav
  artifactKey: Guid(7cfe3cfe2ca2484409e62d323226ec9e) Importer(815301076,1909f56bfc062723c751e8b465ee728b)
Start importing Assets/PlatformShooter2D/Audio/Sfx_player_footstep.wav using Guid(7cfe3cfe2ca2484409e62d323226ec9e) Importer(815301076,1909f56bfc062723c751e8b465ee728b)  -> (artifact id: '1b02bf43db6287b002cc53d27fdeae13') in 0.013527 seconds
Number of updated asset objects reloaded before import = 0
Number of asset objects unloaded after import = 2
========================================================================
Received Import Request.
  Time since last request: 0.000048 seconds.
  path: Assets/PlatformShooter2D/Audio/Sfx_player_respawn.wav
  artifactKey: Guid(821819b7c4cfb5542801fb23d2d05c71) Importer(815301076,1909f56bfc062723c751e8b465ee728b)
Start importing Assets/PlatformShooter2D/Audio/Sfx_player_respawn.wav using Guid(821819b7c4cfb5542801fb23d2d05c71) Importer(815301076,1909f56bfc062723c751e8b465ee728b)  -> (artifact id: '313e924a7f8ba4cae7878e97cfce9480') in 0.004377 seconds
Number of updated asset objects reloaded before import = 0
Number of asset objects unloaded after import = 2
